# JRE version: OpenJDK Runtime Environment (11.0.15) (build 11.0.15+0-b2043.56-9505619)
# Java VM: OpenJDK 64-Bit Server VM (11.0.15+0-b2043.56-9505619, mixed mode, tiered, compressed oops, g1 gc, windows-amd64)
Heap:
 garbage-first heap   total 262144K, used 176896K [0x0000000080000000, 0x0000000100000000)
  region size 1024K, 77 young (78848K), 12 survivors (12288K)
 Metaspace       used 117105K, capacity 120878K, committed 121008K, reserved 1153024K
  class space    used 15409K, capacity 16849K, committed 16896K, reserved 1048576K
GC Heap History (20 events):
Event: 5.696 GC heap before
{Heap before GC invocations=8 (full 0):
 garbage-first heap   total 262144K, used 95963K [0x0000000080000000, 0x0000000100000000)
  region size 1024K, 65 young (66560K), 18 survivors (18432K)
 Metaspace       used 58395K, capacity 60020K, committed 60208K, reserved 1101824K
  class space    used 7420K, capacity 8034K, committed 8064K, reserved 1048576K
}
Event: 5.708 GC heap after
{Heap after GC invocations=9 (full 0):
 garbage-first heap   total 262144K, used 52852K [0x0000000080000000, 0x0000000100000000)
  region size 1024K, 14 young (14336K), 14 survivors (14336K)
 Metaspace       used 58395K, capacity 60020K, committed 60208K, reserved 1101824K
  class space    used 7420K, capacity 8034K, committed 8064K, reserved 1048576K
}
Event: 6.743 GC heap before
{Heap before GC invocations=10 (full 0):
 garbage-first heap   total 262144K, used 169588K [0x0000000080000000, 0x0000000100000000)
  region size 1024K, 121 young (123904K), 14 survivors (14336K)
 Metaspace       used 67895K, capacity 69593K, committed 69936K, reserved 1110016K
  class space    used 8614K, capacity 9255K, committed 9344K, reserved 1048576K
}
Event: 6.750 GC heap after
{Heap after GC invocations=11 (full 0):
 garbage-first heap   total 262144K, used 59992K [0x0000000080000000, 0x0000000100000000)
  region size 1024K, 10 young (10240K), 10 survivors (10240K)
 Metaspace       used 67895K, capacity 69593K, committed 69936K, reserved 1110016K
  class space    used 8614K, capacity 9255K, committed 9344K, reserved 1048576K
}
Event: 7.592 GC heap before
{Heap before GC invocations=11 (full 0):
 garbage-first heap   total 262144K, used 172632K [0x0000000080000000, 0x0000000100000000)
  region size 1024K, 120 young (122880K), 10 survivors (10240K)
 Metaspace       used 74131K, capacity 75867K, committed 76080K, reserved 1116160K
  class space    used 9625K, capacity 10290K, committed 10368K, reserved 1048576K
}
Event: 7.598 GC heap after
{Heap after GC invocations=12 (full 0):
 garbage-first heap   total 262144K, used 67640K [0x0000000080000000, 0x0000000100000000)
  region size 1024K, 15 young (15360K), 15 survivors (15360K)
 Metaspace       used 74131K, capacity 75867K, committed 76080K, reserved 1116160K
  class space    used 9625K, capacity 10290K, committed 10368K, reserved 1048576K
}
Event: 8.695 GC heap before
{Heap before GC invocations=12 (full 0):
 garbage-first heap   total 262144K, used 181304K [0x0000000080000000, 0x0000000100000000)
  region size 1024K, 126 young (129024K), 15 survivors (15360K)
 Metaspace       used 84307K, capacity 86356K, committed 86576K, reserved 1124352K
  class space    used 11010K, capacity 11780K, committed 11904K, reserved 1048576K
}
Event: 8.704 GC heap after
{Heap after GC invocations=13 (full 0):
 garbage-first heap   total 262144K, used 75896K [0x0000000080000000, 0x0000000100000000)
  region size 1024K, 16 young (16384K), 16 survivors (16384K)
 Metaspace       used 84307K, capacity 86356K, committed 86576K, reserved 1124352K
  class space    used 11010K, capacity 11780K, committed 11904K, reserved 1048576K
}
Event: 9.337 GC heap before
{Heap before GC invocations=13 (full 0):
 garbage-first heap   total 262144K, used 187512K [0x0000000080000000, 0x0000000100000000)
  region size 1024K, 126 young (129024K), 16 survivors (16384K)
 Metaspace       used 87514K, capacity 90142K, committed 90416K, reserved 1126400K
  class space    used 11590K, capacity 12593K, committed 12672K, reserved 1048576K
}
Event: 9.349 GC heap after
{Heap after GC invocations=14 (full 0):
 garbage-first heap   total 262144K, used 87040K [0x0000000080000000, 0x0000000100000000)
  region size 1024K, 16 young (16384K), 16 survivors (16384K)
 Metaspace       used 87514K, capacity 90142K, committed 90416K, reserved 1126400K
  class space    used 11590K, capacity 12593K, committed 12672K, reserved 1048576K
}
Event: 10.051 GC heap before
{Heap before GC invocations=14 (full 0):
 garbage-first heap   total 262144K, used 194560K [0x0000000080000000, 0x0000000100000000)
  region size 1024K, 122 young (124928K), 16 survivors (16384K)
 Metaspace       used 90801K, capacity 93498K, committed 93616K, reserved 1130496K
  class space    used 11982K, capacity 13030K, committed 13056K, reserved 1048576K
}
Event: 10.061 GC heap after
{Heap after GC invocations=15 (full 0):
 garbage-first heap   total 262144K, used 94930K [0x0000000080000000, 0x0000000100000000)
  region size 1024K, 7 young (7168K), 7 survivors (7168K)
 Metaspace       used 90801K, capacity 93498K, committed 93616K, reserved 1130496K
  class space    used 11982K, capacity 13030K, committed 13056K, reserved 1048576K
}
Event: 10.664 GC heap before
{Heap before GC invocations=15 (full 0):
 garbage-first heap   total 262144K, used 200402K [0x0000000080000000, 0x0000000100000000)
  region size 1024K, 111 young (113664K), 7 survivors (7168K)
 Metaspace       used 96475K, capacity 99341K, committed 99376K, reserved 1134592K
  class space    used 12634K, capacity 13694K, committed 13696K, reserved 1048576K
}
Event: 10.670 GC heap after
{Heap after GC invocations=16 (full 0):
 garbage-first heap   total 262144K, used 98793K [0x0000000080000000, 0x0000000100000000)
  region size 1024K, 11 young (11264K), 11 survivors (11264K)
 Metaspace       used 96475K, capacity 99341K, committed 99376K, reserved 1134592K
  class space    used 12634K, capacity 13694K, committed 13696K, reserved 1048576K
}
Event: 11.627 GC heap before
{Heap before GC invocations=16 (full 0):
 garbage-first heap   total 262144K, used 125417K [0x0000000080000000, 0x0000000100000000)
  region size 1024K, 39 young (39936K), 11 survivors (11264K)
 Metaspace       used 97470K, capacity 100498K, committed 100560K, reserved 1136640K
  class space    used 12807K, capacity 13952K, committed 13952K, reserved 1048576K
}
Event: 11.632 GC heap after
{Heap after GC invocations=17 (full 0):
 garbage-first heap   total 262144K, used 100250K [0x0000000080000000, 0x0000000100000000)
  region size 1024K, 7 young (7168K), 7 survivors (7168K)
 Metaspace       used 97470K, capacity 100498K, committed 100560K, reserved 1136640K
  class space    used 12807K, capacity 13952K, committed 13952K, reserved 1048576K
}
Event: 12.463 GC heap before
{Heap before GC invocations=18 (full 0):
 garbage-first heap   total 262144K, used 198554K [0x0000000080000000, 0x0000000100000000)
  region size 1024K, 104 young (106496K), 7 survivors (7168K)
 Metaspace       used 107223K, capacity 110567K, committed 110768K, reserved 1144832K
  class space    used 14097K, capacity 15340K, committed 15360K, reserved 1048576K
}
Event: 12.472 GC heap after
{Heap after GC invocations=19 (full 0):
 garbage-first heap   total 262144K, used 107998K [0x0000000080000000, 0x0000000100000000)
  region size 1024K, 13 young (13312K), 13 survivors (13312K)
 Metaspace       used 107223K, capacity 110567K, committed 110768K, reserved 1144832K
  class space    used 14097K, capacity 15340K, committed 15360K, reserved 1048576K
}
Event: 72.144 GC heap before
{Heap before GC invocations=20 (full 0):
 garbage-first heap   total 262144K, used 215518K [0x0000000080000000, 0x0000000100000000)
  region size 1024K, 107 young (109568K), 13 survivors (13312K)
 Metaspace       used 116137K, capacity 119804K, committed 119984K, reserved 1153024K
  class space    used 15385K, capacity 16806K, committed 16896K, reserved 1048576K
}
Event: 72.151 GC heap after
{Heap after GC invocations=21 (full 0):
 garbage-first heap   total 262144K, used 112384K [0x0000000080000000, 0x0000000100000000)
  region size 1024K, 12 young (12288K), 12 survivors (12288K)
 Metaspace       used 116137K, capacity 119804K, committed 119984K, reserved 1153024K
  class space    used 15385K, capacity 16806K, committed 16896K, reserved 1048576K
}

