# JRE version: OpenJDK Runtime Environment (11.0.15) (build 11.0.15+0-b2043.56-9505619)
# Java VM: OpenJDK 64-Bit Server VM (11.0.15+0-b2043.56-9505619, mixed mode, tiered, compressed oops, g1 gc, windows-amd64)
Heap:
 garbage-first heap   total 262144K, used 186686K [0x0000000080000000, 0x0000000100000000)
  region size 1024K, 46 young (47104K), 2 survivors (2048K)
 Metaspace       used 123875K, capacity 128595K, committed 130204K, reserved 1161216K
  class space    used 15760K, capacity 17483K, committed 18456K, reserved 1048576K
GC Heap History (20 events):
Event: 911.153 GC heap before
{Heap before GC invocations=40 (full 0):
 garbage-first heap   total 262144K, used 212087K [0x0000000080000000, 0x0000000100000000)
  region size 1024K, 82 young (83968K), 2 survivors (2048K)
 Metaspace       used 121668K, capacity 125544K, committed 129436K, reserved 1161216K
  class space    used 15472K, capacity 16950K, committed 18456K, reserved 1048576K
}
Event: 911.160 GC heap after
{Heap after GC invocations=41 (full 0):
 garbage-first heap   total 262144K, used 135923K [0x0000000080000000, 0x0000000100000000)
  region size 1024K, 6 young (6144K), 6 survivors (6144K)
 Metaspace       used 121668K, capacity 125544K, committed 129436K, reserved 1161216K
  class space    used 15472K, capacity 16950K, committed 18456K, reserved 1048576K
}
Event: 911.383 GC heap before
{Heap before GC invocations=42 (full 0):
 garbage-first heap   total 262144K, used 214771K [0x0000000080000000, 0x0000000100000000)
  region size 1024K, 84 young (86016K), 6 survivors (6144K)
 Metaspace       used 121668K, capacity 125544K, committed 129436K, reserved 1161216K
  class space    used 15472K, capacity 16950K, committed 18456K, reserved 1048576K
}
Event: 911.385 GC heap after
{Heap after GC invocations=43 (full 0):
 garbage-first heap   total 262144K, used 132385K [0x0000000080000000, 0x0000000100000000)
  region size 1024K, 2 young (2048K), 2 survivors (2048K)
 Metaspace       used 121668K, capacity 125544K, committed 129436K, reserved 1161216K
  class space    used 15472K, capacity 16950K, committed 18456K, reserved 1048576K
}
Event: 911.434 GC heap before
{Heap before GC invocations=43 (full 0):
 garbage-first heap   total 262144K, used 141601K [0x0000000080000000, 0x0000000100000000)
  region size 1024K, 12 young (12288K), 2 survivors (2048K)
 Metaspace       used 121685K, capacity 125610K, committed 129436K, reserved 1161216K
  class space    used 15472K, capacity 16950K, committed 18456K, reserved 1048576K
}
Event: 911.437 GC heap after
{Heap after GC invocations=44 (full 0):
 garbage-first heap   total 262144K, used 121293K [0x0000000080000000, 0x0000000100000000)
  region size 1024K, 1 young (1024K), 1 survivors (1024K)
 Metaspace       used 121685K, capacity 125610K, committed 129436K, reserved 1161216K
  class space    used 15472K, capacity 16950K, committed 18456K, reserved 1048576K
}
Event: 911.521 GC heap before
{Heap before GC invocations=44 (full 0):
 garbage-first heap   total 262144K, used 129485K [0x0000000080000000, 0x0000000100000000)
  region size 1024K, 11 young (11264K), 1 survivors (1024K)
 Metaspace       used 121727K, capacity 125690K, committed 129436K, reserved 1161216K
  class space    used 15473K, capacity 16952K, committed 18456K, reserved 1048576K
}
Event: 911.523 GC heap after
{Heap after GC invocations=45 (full 0):
 garbage-first heap   total 262144K, used 120930K [0x0000000080000000, 0x0000000100000000)
  region size 1024K, 1 young (1024K), 1 survivors (1024K)
 Metaspace       used 121727K, capacity 125690K, committed 129436K, reserved 1161216K
  class space    used 15473K, capacity 16952K, committed 18456K, reserved 1048576K
}
Event: 966.271 GC heap before
{Heap before GC invocations=46 (full 0):
 garbage-first heap   total 262144K, used 222306K [0x0000000080000000, 0x0000000100000000)
  region size 1024K, 90 young (92160K), 1 survivors (1024K)
 Metaspace       used 121955K, capacity 125837K, committed 129692K, reserved 1161216K
  class space    used 15475K, capacity 16954K, committed 18456K, reserved 1048576K
}
Event: 966.277 GC heap after
{Heap after GC invocations=47 (full 0):
 garbage-first heap   total 262144K, used 129142K [0x0000000080000000, 0x0000000100000000)
  region size 1024K, 9 young (9216K), 9 survivors (9216K)
 Metaspace       used 121955K, capacity 125837K, committed 129692K, reserved 1161216K
  class space    used 15475K, capacity 16954K, committed 18456K, reserved 1048576K
}
Event: 966.294 GC heap before
{Heap before GC invocations=47 (full 0):
 garbage-first heap   total 262144K, used 132214K [0x0000000080000000, 0x0000000100000000)
  region size 1024K, 12 young (12288K), 9 survivors (9216K)
 Metaspace       used 121959K, capacity 125837K, committed 129692K, reserved 1161216K
  class space    used 15475K, capacity 16954K, committed 18456K, reserved 1048576K
}
Event: 966.300 GC heap after
{Heap after GC invocations=48 (full 0):
 garbage-first heap   total 262144K, used 129581K [0x0000000080000000, 0x0000000100000000)
  region size 1024K, 1 young (1024K), 1 survivors (1024K)
 Metaspace       used 121959K, capacity 125837K, committed 129692K, reserved 1161216K
  class space    used 15475K, capacity 16954K, committed 18456K, reserved 1048576K
}
Event: 966.504 GC heap before
{Heap before GC invocations=48 (full 0):
 garbage-first heap   total 262144K, used 169517K [0x0000000080000000, 0x0000000100000000)
  region size 1024K, 42 young (43008K), 1 survivors (1024K)
 Metaspace       used 122051K, capacity 125976K, committed 129692K, reserved 1161216K
  class space    used 15475K, capacity 16954K, committed 18456K, reserved 1048576K
}
Event: 966.507 GC heap after
{Heap after GC invocations=49 (full 0):
 garbage-first heap   total 262144K, used 129216K [0x0000000080000000, 0x0000000100000000)
  region size 1024K, 1 young (1024K), 1 survivors (1024K)
 Metaspace       used 122051K, capacity 125976K, committed 129692K, reserved 1161216K
  class space    used 15475K, capacity 16954K, committed 18456K, reserved 1048576K
}
Event: 1266.509 GC heap before
{Heap before GC invocations=50 (full 0):
 garbage-first heap   total 262144K, used 224448K [0x0000000080000000, 0x0000000100000000)
  region size 1024K, 84 young (86016K), 1 survivors (1024K)
 Metaspace       used 123306K, capacity 127815K, committed 129948K, reserved 1161216K
  class space    used 15688K, capacity 17348K, committed 18456K, reserved 1048576K
}
Event: 1266.515 GC heap after
{Heap after GC invocations=51 (full 0):
 garbage-first heap   total 262144K, used 136823K [0x0000000080000000, 0x0000000100000000)
  region size 1024K, 9 young (9216K), 9 survivors (9216K)
 Metaspace       used 123306K, capacity 127815K, committed 129948K, reserved 1161216K
  class space    used 15688K, capacity 17348K, committed 18456K, reserved 1048576K
}
Event: 1266.543 GC heap before
{Heap before GC invocations=51 (full 0):
 garbage-first heap   total 262144K, used 139895K [0x0000000080000000, 0x0000000100000000)
  region size 1024K, 12 young (12288K), 9 survivors (9216K)
 Metaspace       used 123342K, capacity 127857K, committed 129948K, reserved 1161216K
  class space    used 15695K, capacity 17362K, committed 18456K, reserved 1048576K
}
Event: 1266.550 GC heap after
{Heap after GC invocations=52 (full 0):
 garbage-first heap   total 262144K, used 130860K [0x0000000080000000, 0x0000000100000000)
  region size 1024K, 2 young (2048K), 2 survivors (2048K)
 Metaspace       used 123342K, capacity 127857K, committed 129948K, reserved 1161216K
  class space    used 15695K, capacity 17362K, committed 18456K, reserved 1048576K
}
Event: 1267.684 GC heap before
{Heap before GC invocations=52 (full 0):
 garbage-first heap   total 262144K, used 196396K [0x0000000080000000, 0x0000000100000000)
  region size 1024K, 68 young (69632K), 2 survivors (2048K)
 Metaspace       used 123718K, capacity 128424K, committed 130204K, reserved 1161216K
  class space    used 15755K, capacity 17473K, committed 18456K, reserved 1048576K
}
Event: 1267.688 GC heap after
{Heap after GC invocations=53 (full 0):
 garbage-first heap   total 262144K, used 131390K [0x0000000080000000, 0x0000000100000000)
  region size 1024K, 2 young (2048K), 2 survivors (2048K)
 Metaspace       used 123718K, capacity 128424K, committed 130204K, reserved 1161216K
  class space    used 15755K, capacity 17473K, committed 18456K, reserved 1048576K
}

