# JRE version: OpenJDK Runtime Environment (11.0.15) (build 11.0.15+0-b2043.56-9505619)
# Java VM: OpenJDK 64-Bit Server VM (11.0.15+0-b2043.56-9505619, mixed mode, tiered, compressed oops, g1 gc, windows-amd64)
Heap:
 garbage-first heap   total 262144K, used 139033K [0x0000000080000000, 0x0000000100000000)
  region size 1024K, 117 young (119808K), 14 survivors (14336K)
 Metaspace       used 50080K, capacity 51529K, committed 51632K, reserved 1093632K
  class space    used 6365K, capacity 6906K, committed 6912K, reserved 1048576K
GC Heap History (12 events):
Event: 0.571 GC heap before
{Heap before GC invocations=0 (full 0):
 garbage-first heap   total 262144K, used 29696K [0x0000000080000000, 0x0000000100000000)
  region size 1024K, 24 young (24576K), 0 survivors (0K)
 Metaspace       used 10107K, capacity 10327K, committed 10624K, reserved 1058816K
  class space    used 1030K, capacity 1106K, committed 1152K, reserved 1048576K
}
Event: 0.575 GC heap after
{Heap after GC invocations=1 (full 0):
 garbage-first heap   total 262144K, used 9430K [0x0000000080000000, 0x0000000100000000)
  region size 1024K, 3 young (3072K), 3 survivors (3072K)
 Metaspace       used 10107K, capacity 10327K, committed 10624K, reserved 1058816K
  class space    used 1030K, capacity 1106K, committed 1152K, reserved 1048576K
}
Event: 2.110 GC heap before
{Heap before GC invocations=1 (full 0):
 garbage-first heap   total 262144K, used 108758K [0x0000000080000000, 0x0000000100000000)
  region size 1024K, 100 young (102400K), 3 survivors (3072K)
 Metaspace       used 20749K, capacity 21183K, committed 21296K, reserved 1069056K
  class space    used 2521K, capacity 2685K, committed 2688K, reserved 1048576K
}
Event: 2.118 GC heap after
{Heap after GC invocations=2 (full 0):
 garbage-first heap   total 262144K, used 17444K [0x0000000080000000, 0x0000000100000000)
  region size 1024K, 11 young (11264K), 11 survivors (11264K)
 Metaspace       used 20749K, capacity 21183K, committed 21296K, reserved 1069056K
  class space    used 2521K, capacity 2685K, committed 2688K, reserved 1048576K
}
Event: 2.273 GC heap before
{Heap before GC invocations=3 (full 0):
 garbage-first heap   total 262144K, used 38948K [0x0000000080000000, 0x0000000100000000)
  region size 1024K, 33 young (33792K), 11 survivors (11264K)
 Metaspace       used 22697K, capacity 23234K, committed 23472K, reserved 1069056K
  class space    used 2866K, capacity 3035K, committed 3072K, reserved 1048576K
}
Event: 2.277 GC heap after
{Heap after GC invocations=4 (full 0):
 garbage-first heap   total 262144K, used 18564K [0x0000000080000000, 0x0000000100000000)
  region size 1024K, 2 young (2048K), 2 survivors (2048K)
 Metaspace       used 22697K, capacity 23234K, committed 23472K, reserved 1069056K
  class space    used 2866K, capacity 3035K, committed 3072K, reserved 1048576K
}
Event: 3.010 GC heap before
{Heap before GC invocations=4 (full 0):
 garbage-first heap   total 262144K, used 98436K [0x0000000080000000, 0x0000000100000000)
  region size 1024K, 80 young (81920K), 2 survivors (2048K)
 Metaspace       used 30543K, capacity 31271K, committed 31536K, reserved 1077248K
  class space    used 4084K, capacity 4360K, committed 4480K, reserved 1048576K
}
Event: 3.012 GC heap after
{Heap after GC invocations=5 (full 0):
 garbage-first heap   total 262144K, used 20985K [0x0000000080000000, 0x0000000100000000)
  region size 1024K, 4 young (4096K), 4 survivors (4096K)
 Metaspace       used 30543K, capacity 31271K, committed 31536K, reserved 1077248K
  class space    used 4084K, capacity 4360K, committed 4480K, reserved 1048576K
}
Event: 3.363 GC heap before
{Heap before GC invocations=5 (full 0):
 garbage-first heap   total 262144K, used 41465K [0x0000000080000000, 0x0000000100000000)
  region size 1024K, 25 young (25600K), 4 survivors (4096K)
 Metaspace       used 34857K, capacity 35729K, committed 35888K, reserved 1081344K
  class space    used 4556K, capacity 4891K, committed 4992K, reserved 1048576K
}
Event: 3.370 GC heap after
{Heap after GC invocations=6 (full 0):
 garbage-first heap   total 262144K, used 23001K [0x0000000080000000, 0x0000000100000000)
  region size 1024K, 6 young (6144K), 6 survivors (6144K)
 Metaspace       used 34857K, capacity 35729K, committed 35888K, reserved 1081344K
  class space    used 4556K, capacity 4891K, committed 4992K, reserved 1048576K
}
Event: 4.610 GC heap before
{Heap before GC invocations=7 (full 0):
 garbage-first heap   total 262144K, used 144857K [0x0000000080000000, 0x0000000100000000)
  region size 1024K, 122 young (124928K), 6 survivors (6144K)
 Metaspace       used 45631K, capacity 46751K, committed 46896K, reserved 1089536K
  class space    used 5802K, capacity 6202K, committed 6272K, reserved 1048576K
}
Event: 4.617 GC heap after
{Heap after GC invocations=8 (full 0):
 garbage-first heap   total 262144K, used 31513K [0x0000000080000000, 0x0000000100000000)
  region size 1024K, 14 young (14336K), 14 survivors (14336K)
 Metaspace       used 45631K, capacity 46751K, committed 46896K, reserved 1089536K
  class space    used 5802K, capacity 6202K, committed 6272K, reserved 1048576K
}

