# JRE version: OpenJDK Runtime Environment (11.0.15) (build 11.0.15+0-b2043.56-9505619)
# Java VM: OpenJDK 64-Bit Server VM (11.0.15+0-b2043.56-9505619, mixed mode, tiered, compressed oops, g1 gc, windows-amd64)
Heap:
 garbage-first heap   total 262144K, used 178818K [0x0000000080000000, 0x0000000100000000)
  region size 1024K, 128 young (131072K), 10 survivors (10240K)
 Metaspace       used 73611K, capacity 75283K, committed 75420K, reserved 1114112K
  class space    used 9547K, capacity 10226K, committed 10264K, reserved 1048576K
GC Heap History (14 events):
Event: 0.551 GC heap before
{Heap before GC invocations=0 (full 0):
 garbage-first heap   total 262144K, used 29696K [0x0000000080000000, 0x0000000100000000)
  region size 1024K, 24 young (24576K), 0 survivors (0K)
 Metaspace       used 10099K, capacity 10327K, committed 10624K, reserved 1058816K
  class space    used 1032K, capacity 1106K, committed 1152K, reserved 1048576K
}
Event: 0.554 GC heap after
{Heap after GC invocations=1 (full 0):
 garbage-first heap   total 262144K, used 9508K [0x0000000080000000, 0x0000000100000000)
  region size 1024K, 3 young (3072K), 3 survivors (3072K)
 Metaspace       used 10099K, capacity 10327K, committed 10624K, reserved 1058816K
  class space    used 1032K, capacity 1106K, committed 1152K, reserved 1048576K
}
Event: 2.003 GC heap before
{Heap before GC invocations=1 (full 0):
 garbage-first heap   total 262144K, used 109860K [0x0000000080000000, 0x0000000100000000)
  region size 1024K, 101 young (103424K), 3 survivors (3072K)
 Metaspace       used 20763K, capacity 21189K, committed 21296K, reserved 1069056K
  class space    used 2525K, capacity 2687K, committed 2688K, reserved 1048576K
}
Event: 2.012 GC heap after
{Heap after GC invocations=2 (full 0):
 garbage-first heap   total 262144K, used 17133K [0x0000000080000000, 0x0000000100000000)
  region size 1024K, 11 young (11264K), 11 survivors (11264K)
 Metaspace       used 20763K, capacity 21189K, committed 21296K, reserved 1069056K
  class space    used 2525K, capacity 2687K, committed 2688K, reserved 1048576K
}
Event: 2.267 GC heap before
{Heap before GC invocations=3 (full 0):
 garbage-first heap   total 262144K, used 46829K [0x0000000080000000, 0x0000000100000000)
  region size 1024K, 41 young (41984K), 11 survivors (11264K)
 Metaspace       used 24036K, capacity 24609K, committed 24828K, reserved 1071104K
  class space    used 3051K, capacity 3283K, committed 3404K, reserved 1048576K
}
Event: 2.271 GC heap after
{Heap after GC invocations=4 (full 0):
 garbage-first heap   total 262144K, used 18908K [0x0000000080000000, 0x0000000100000000)
  region size 1024K, 2 young (2048K), 2 survivors (2048K)
 Metaspace       used 24036K, capacity 24609K, committed 24828K, reserved 1071104K
  class space    used 3051K, capacity 3283K, committed 3404K, reserved 1048576K
}
Event: 3.199 GC heap before
{Heap before GC invocations=4 (full 0):
 garbage-first heap   total 262144K, used 111068K [0x0000000080000000, 0x0000000100000000)
  region size 1024K, 93 young (95232K), 2 survivors (2048K)
 Metaspace       used 35082K, capacity 35953K, committed 36048K, reserved 1081344K
  class space    used 4570K, capacity 4923K, committed 4940K, reserved 1048576K
}
Event: 3.205 GC heap after
{Heap after GC invocations=5 (full 0):
 garbage-first heap   total 262144K, used 22740K [0x0000000080000000, 0x0000000100000000)
  region size 1024K, 6 young (6144K), 6 survivors (6144K)
 Metaspace       used 35082K, capacity 35953K, committed 36048K, reserved 1081344K
  class space    used 4570K, capacity 4923K, committed 4940K, reserved 1048576K
}
Event: 4.181 GC heap before
{Heap before GC invocations=6 (full 0):
 garbage-first heap   total 262144K, used 139476K [0x0000000080000000, 0x0000000100000000)
  region size 1024K, 117 young (119808K), 6 survivors (6144K)
 Metaspace       used 45289K, capacity 46431K, committed 46620K, reserved 1089536K
  class space    used 5747K, capacity 6160K, committed 6296K, reserved 1048576K
}
Event: 4.196 GC heap after
{Heap after GC invocations=7 (full 0):
 garbage-first heap   total 262144K, used 31261K [0x0000000080000000, 0x0000000100000000)
  region size 1024K, 14 young (14336K), 14 survivors (14336K)
 Metaspace       used 45289K, capacity 46431K, committed 46620K, reserved 1089536K
  class space    used 5747K, capacity 6160K, committed 6296K, reserved 1048576K
}
Event: 5.233 GC heap before
{Heap before GC invocations=8 (full 0):
 garbage-first heap   total 262144K, used 175645K [0x0000000080000000, 0x0000000100000000)
  region size 1024K, 147 young (150528K), 14 survivors (14336K)
 Metaspace       used 52323K, capacity 53789K, committed 54044K, reserved 1095680K
  class space    used 6659K, capacity 7215K, committed 7320K, reserved 1048576K
}
Event: 5.243 GC heap after
{Heap after GC invocations=9 (full 0):
 garbage-first heap   total 262144K, used 50076K [0x0000000080000000, 0x0000000100000000)
  region size 1024K, 19 young (19456K), 19 survivors (19456K)
 Metaspace       used 52323K, capacity 53789K, committed 54044K, reserved 1095680K
  class space    used 6659K, capacity 7215K, committed 7320K, reserved 1048576K
}
Event: 6.675 GC heap before
{Heap before GC invocations=9 (full 0):
 garbage-first heap   total 262144K, used 195484K [0x0000000080000000, 0x0000000100000000)
  region size 1024K, 153 young (156672K), 19 survivors (19456K)
 Metaspace       used 66670K, capacity 68323K, committed 68508K, reserved 1107968K
  class space    used 8469K, capacity 9094K, committed 9240K, reserved 1048576K
}
Event: 6.684 GC heap after
{Heap after GC invocations=10 (full 0):
 garbage-first heap   total 262144K, used 59010K [0x0000000080000000, 0x0000000100000000)
  region size 1024K, 10 young (10240K), 10 survivors (10240K)
 Metaspace       used 66670K, capacity 68323K, committed 68508K, reserved 1107968K
  class space    used 8469K, capacity 9094K, committed 9240K, reserved 1048576K
}

