# JRE version: OpenJDK Runtime Environment (11.0.15) (build 11.0.15+0-b2043.56-9505619)
# Java VM: OpenJDK 64-Bit Server VM (11.0.15+0-b2043.56-9505619, mixed mode, tiered, compressed oops, g1 gc, windows-amd64)
Heap:
 garbage-first heap   total 262144K, used 184970K [0x0000000080000000, 0x0000000100000000)
  region size 1024K, 96 young (98304K), 12 survivors (12288K)
 Metaspace       used 109477K, capacity 113123K, committed 113404K, reserved 1146880K
  class space    used 14535K, capacity 15931K, committed 16024K, reserved 1048576K
GC Heap History (20 events):
Event: 3.228 GC heap before
{Heap before GC invocations=4 (full 0):
 garbage-first heap   total 262144K, used 106447K [0x0000000080000000, 0x0000000100000000)
  region size 1024K, 89 young (91136K), 2 survivors (2048K)
 Metaspace       used 35070K, capacity 35953K, committed 36048K, reserved 1081344K
  class space    used 4570K, capacity 4923K, committed 4940K, reserved 1048576K
}
Event: 3.234 GC heap after
{Heap after GC invocations=5 (full 0):
 garbage-first heap   total 262144K, used 22272K [0x0000000080000000, 0x0000000100000000)
  region size 1024K, 6 young (6144K), 6 survivors (6144K)
 Metaspace       used 35070K, capacity 35953K, committed 36048K, reserved 1081344K
  class space    used 4570K, capacity 4923K, committed 4940K, reserved 1048576K
}
Event: 4.196 GC heap before
{Heap before GC invocations=6 (full 0):
 garbage-first heap   total 262144K, used 140032K [0x0000000080000000, 0x0000000100000000)
  region size 1024K, 117 young (119808K), 6 survivors (6144K)
 Metaspace       used 45280K, capacity 46431K, committed 46620K, reserved 1089536K
  class space    used 5747K, capacity 6160K, committed 6296K, reserved 1048576K
}
Event: 4.210 GC heap after
{Heap after GC invocations=7 (full 0):
 garbage-first heap   total 262144K, used 30685K [0x0000000080000000, 0x0000000100000000)
  region size 1024K, 14 young (14336K), 14 survivors (14336K)
 Metaspace       used 45280K, capacity 46431K, committed 46620K, reserved 1089536K
  class space    used 5747K, capacity 6160K, committed 6296K, reserved 1048576K
}
Event: 5.111 GC heap before
{Heap before GC invocations=8 (full 0):
 garbage-first heap   total 262144K, used 173021K [0x0000000080000000, 0x0000000100000000)
  region size 1024K, 144 young (147456K), 14 survivors (14336K)
 Metaspace       used 51960K, capacity 53419K, committed 53660K, reserved 1095680K
  class space    used 6620K, capacity 7156K, committed 7192K, reserved 1048576K
}
Event: 5.119 GC heap after
{Heap after GC invocations=9 (full 0):
 garbage-first heap   total 262144K, used 49248K [0x0000000080000000, 0x0000000100000000)
  region size 1024K, 18 young (18432K), 18 survivors (18432K)
 Metaspace       used 51960K, capacity 53419K, committed 53660K, reserved 1095680K
  class space    used 6620K, capacity 7156K, committed 7192K, reserved 1048576K
}
Event: 6.494 GC heap before
{Heap before GC invocations=9 (full 0):
 garbage-first heap   total 262144K, used 193632K [0x0000000080000000, 0x0000000100000000)
  region size 1024K, 152 young (155648K), 18 survivors (18432K)
 Metaspace       used 66387K, capacity 68072K, committed 68252K, reserved 1107968K
  class space    used 8437K, capacity 9096K, committed 9240K, reserved 1048576K
}
Event: 6.503 GC heap after
{Heap after GC invocations=10 (full 0):
 garbage-first heap   total 262144K, used 58651K [0x0000000080000000, 0x0000000100000000)
  region size 1024K, 10 young (10240K), 10 survivors (10240K)
 Metaspace       used 66387K, capacity 68072K, committed 68252K, reserved 1107968K
  class space    used 8437K, capacity 9096K, committed 9240K, reserved 1048576K
}
Event: 7.514 GC heap before
{Heap before GC invocations=10 (full 0):
 garbage-first heap   total 262144K, used 192795K [0x0000000080000000, 0x0000000100000000)
  region size 1024K, 141 young (144384K), 10 survivors (10240K)
 Metaspace       used 74645K, capacity 76402K, committed 76572K, reserved 1116160K
  class space    used 9688K, capacity 10362K, committed 10392K, reserved 1048576K
}
Event: 7.520 GC heap after
{Heap after GC invocations=11 (full 0):
 garbage-first heap   total 262144K, used 66063K [0x0000000080000000, 0x0000000100000000)
  region size 1024K, 17 young (17408K), 17 survivors (17408K)
 Metaspace       used 74645K, capacity 76402K, committed 76572K, reserved 1116160K
  class space    used 9688K, capacity 10362K, committed 10392K, reserved 1048576K
}
Event: 7.718 GC heap before
{Heap before GC invocations=11 (full 0):
 garbage-first heap   total 262144K, used 81423K [0x0000000080000000, 0x0000000100000000)
  region size 1024K, 33 young (33792K), 17 survivors (17408K)
 Metaspace       used 76073K, capacity 77916K, committed 78108K, reserved 1116160K
  class space    used 9897K, capacity 10605K, committed 10648K, reserved 1048576K
}
Event: 7.733 GC heap after
{Heap after GC invocations=12 (full 0):
 garbage-first heap   total 262144K, used 67927K [0x0000000080000000, 0x0000000100000000)
  region size 1024K, 11 young (11264K), 11 survivors (11264K)
 Metaspace       used 76073K, capacity 77916K, committed 78108K, reserved 1116160K
  class space    used 9897K, capacity 10605K, committed 10648K, reserved 1048576K
}
Event: 8.829 GC heap before
{Heap before GC invocations=13 (full 0):
 garbage-first heap   total 262144K, used 193879K [0x0000000080000000, 0x0000000100000000)
  region size 1024K, 134 young (137216K), 11 survivors (11264K)
 Metaspace       used 84724K, capacity 86846K, committed 87036K, reserved 1124352K
  class space    used 11076K, capacity 11900K, committed 11928K, reserved 1048576K
}
Event: 8.839 GC heap after
{Heap after GC invocations=14 (full 0):
 garbage-first heap   total 262144K, used 78702K [0x0000000080000000, 0x0000000100000000)
  region size 1024K, 13 young (13312K), 13 survivors (13312K)
 Metaspace       used 84724K, capacity 86846K, committed 87036K, reserved 1124352K
  class space    used 11076K, capacity 11900K, committed 11928K, reserved 1048576K
}
Event: 9.684 GC heap before
{Heap before GC invocations=14 (full 0):
 garbage-first heap   total 262144K, used 196462K [0x0000000080000000, 0x0000000100000000)
  region size 1024K, 129 young (132096K), 13 survivors (13312K)
 Metaspace       used 88018K, capacity 90740K, committed 90876K, reserved 1128448K
  class space    used 11645K, capacity 12676K, committed 12696K, reserved 1048576K
}
Event: 9.694 GC heap after
{Heap after GC invocations=15 (full 0):
 garbage-first heap   total 262144K, used 89662K [0x0000000080000000, 0x0000000100000000)
  region size 1024K, 11 young (11264K), 11 survivors (11264K)
 Metaspace       used 88018K, capacity 90740K, committed 90876K, reserved 1128448K
  class space    used 11645K, capacity 12676K, committed 12696K, reserved 1048576K
}
Event: 10.452 GC heap before
{Heap before GC invocations=15 (full 0):
 garbage-first heap   total 262144K, used 201278K [0x0000000080000000, 0x0000000100000000)
  region size 1024K, 121 young (123904K), 11 survivors (11264K)
 Metaspace       used 93592K, capacity 96406K, committed 96508K, reserved 1132544K
  class space    used 12349K, capacity 13428K, committed 13464K, reserved 1048576K
}
Event: 10.460 GC heap after
{Heap after GC invocations=16 (full 0):
 garbage-first heap   total 262144K, used 95032K [0x0000000080000000, 0x0000000100000000)
  region size 1024K, 6 young (6144K), 6 survivors (6144K)
 Metaspace       used 93592K, capacity 96406K, committed 96508K, reserved 1132544K
  class space    used 12349K, capacity 13428K, committed 13464K, reserved 1048576K
}
Event: 12.147 GC heap before
{Heap before GC invocations=16 (full 0):
 garbage-first heap   total 262144K, used 205624K [0x0000000080000000, 0x0000000100000000)
  region size 1024K, 115 young (117760K), 6 survivors (6144K)
 Metaspace       used 98803K, capacity 101945K, committed 102140K, reserved 1136640K
  class space    used 12943K, capacity 14115K, committed 14232K, reserved 1048576K
}
Event: 12.154 GC heap after
{Heap after GC invocations=17 (full 0):
 garbage-first heap   total 262144K, used 101002K [0x0000000080000000, 0x0000000100000000)
  region size 1024K, 12 young (12288K), 12 survivors (12288K)
 Metaspace       used 98803K, capacity 101945K, committed 102140K, reserved 1136640K
  class space    used 12943K, capacity 14115K, committed 14232K, reserved 1048576K
}

